{
  "D:\\OpenClass\\nouveauProjet\\Developpez-une-application-full-stack-complete\\front\\src\\polyfills.ts": {
    "path": "D:\\OpenClass\\nouveauProjet\\Developpez-une-application-full-stack-complete\\front\\src\\polyfills.ts",
    "statementMap": {},
    "fnMap": {},
    "branchMap": {},
    "s": {},
    "f": {},
    "b": {},
    "inputSourceMap": {
      "version": 3,
      "names": [],
      "sources": [
        "D:\\OpenClass\\nouveauProjet\\Developpez-une-application-full-stack-complete\\front\\src\\polyfills.ts"
      ],
      "sourcesContent": [
        "/**\r\n * This file includes polyfills needed by Angular and is loaded before the app.\r\n * You can add your own extra polyfills to this file.\r\n *\r\n * This file is divided into 2 sections:\r\n *   1. Browser polyfills. These are applied before loading ZoneJS and are sorted by browsers.\r\n *   2. Application imports. Files imported after ZoneJS that should be loaded before your main\r\n *      file.\r\n *\r\n * The current setup is for so-called \"evergreen\" browsers; the last versions of browsers that\r\n * automatically update themselves. This includes recent versions of Safari, Chrome (including\r\n * Opera), Edge on the desktop, and iOS and Chrome on mobile.\r\n *\r\n * Learn more in https://angular.io/guide/browser-support\r\n */\r\n\r\n/***************************************************************************************************\r\n * BROWSER POLYFILLS\r\n */\r\n\r\n/**\r\n * By default, zone.js will patch all possible macroTask and DomEvents\r\n * user can disable parts of macroTask/DomEvents patch by setting following flags\r\n * because those flags need to be set before `zone.js` being loaded, and webpack\r\n * will put import in the top of bundle, so user need to create a separate file\r\n * in this directory (for example: zone-flags.ts), and put the following flags\r\n * into that file, and then add the following code before importing zone.js.\r\n * import './zone-flags';\r\n *\r\n * The flags allowed in zone-flags.ts are listed here.\r\n *\r\n * The following flags will work for all browsers.\r\n *\r\n * (window as any).__Zone_disable_requestAnimationFrame = true; // disable patch requestAnimationFrame\r\n * (window as any).__Zone_disable_on_property = true; // disable patch onProperty such as onclick\r\n * (window as any).__zone_symbol__UNPATCHED_EVENTS = ['scroll', 'mousemove']; // disable patch specified eventNames\r\n *\r\n *  in IE/Edge developer tools, the addEventListener will also be wrapped by zone.js\r\n *  with the following flag, it will bypass `zone.js` patch for IE/Edge\r\n *\r\n *  (window as any).__Zone_enable_cross_context_check = true;\r\n *\r\n */\r\n\r\n/***************************************************************************************************\r\n * Zone JS is required by default for Angular itself.\r\n */\r\nimport 'zone.js';  // Included with Angular CLI.\r\n\r\n\r\n/***************************************************************************************************\r\n * APPLICATION IMPORTS\r\n */\r\n"
      ],
      "mappings": "AAAA;;;;;;;;;;;;;;;AAgBA;;;AAIA;;;;;;;;;;;;;;;;;;;;;;;AAwBA;;;AAGA,OAAO,SAAS,CAAC,CAAE;AAGnB",
      "ignoreList": []
    },
    "_coverageSchema": "1a1c01bbd47fc00a2c39e90264f33305004495a9",
    "hash": "afed729c5bc49ac3b0bfb1db4f5bbfaa42c2bd9f"
  },
  "D:\\OpenClass\\nouveauProjet\\Developpez-une-application-full-stack-complete\\front\\src\\app\\pages\\home\\home.component.ts": {
    "path": "D:\\OpenClass\\nouveauProjet\\Developpez-une-application-full-stack-complete\\front\\src\\app\\pages\\home\\home.component.ts",
    "statementMap": {
      "0": {
        "start": {
          "line": 5,
          "column": 40
        },
        "end": {
          "line": 57,
          "column": 4
        }
      },
      "1": {
        "start": {
          "line": 8,
          "column": 6
        },
        "end": {
          "line": 8,
          "column": 35
        }
      },
      "2": {
        "start": {
          "line": 12,
          "column": 6
        },
        "end": {
          "line": 12,
          "column": 39
        }
      },
      "3": {
        "start": {
          "line": 15,
          "column": 6
        },
        "end": {
          "line": 15,
          "column": 42
        }
      },
      "4": {
        "start": {
          "line": 18,
          "column": 6
        },
        "end": {
          "line": 20,
          "column": 8
        }
      },
      "5": {
        "start": {
          "line": 19,
          "column": 8
        },
        "end": {
          "line": 19,
          "column": 58
        }
      },
      "6": {
        "start": {
          "line": 23,
          "column": 6
        },
        "end": {
          "line": 53,
          "column": 9
        }
      },
      "7": {
        "start": {
          "line": 31,
          "column": 10
        },
        "end": {
          "line": 49,
          "column": 11
        }
      },
      "8": {
        "start": {
          "line": 32,
          "column": 12
        },
        "end": {
          "line": 32,
          "column": 43
        }
      },
      "9": {
        "start": {
          "line": 33,
          "column": 12
        },
        "end": {
          "line": 33,
          "column": 38
        }
      },
      "10": {
        "start": {
          "line": 34,
          "column": 12
        },
        "end": {
          "line": 34,
          "column": 39
        }
      },
      "11": {
        "start": {
          "line": 35,
          "column": 12
        },
        "end": {
          "line": 35,
          "column": 43
        }
      },
      "12": {
        "start": {
          "line": 36,
          "column": 12
        },
        "end": {
          "line": 36,
          "column": 30
        }
      },
      "13": {
        "start": {
          "line": 37,
          "column": 12
        },
        "end": {
          "line": 37,
          "column": 46
        }
      },
      "14": {
        "start": {
          "line": 38,
          "column": 12
        },
        "end": {
          "line": 40,
          "column": 15
        }
      },
      "15": {
        "start": {
          "line": 39,
          "column": 14
        },
        "end": {
          "line": 39,
          "column": 36
        }
      },
      "16": {
        "start": {
          "line": 41,
          "column": 12
        },
        "end": {
          "line": 41,
          "column": 34
        }
      },
      "17": {
        "start": {
          "line": 42,
          "column": 12
        },
        "end": {
          "line": 42,
          "column": 30
        }
      },
      "18": {
        "start": {
          "line": 43,
          "column": 12
        },
        "end": {
          "line": 43,
          "column": 46
        }
      },
      "19": {
        "start": {
          "line": 44,
          "column": 12
        },
        "end": {
          "line": 46,
          "column": 15
        }
      },
      "20": {
        "start": {
          "line": 45,
          "column": 14
        },
        "end": {
          "line": 45,
          "column": 39
        }
      },
      "21": {
        "start": {
          "line": 47,
          "column": 12
        },
        "end": {
          "line": 47,
          "column": 37
        }
      },
      "22": {
        "start": {
          "line": 48,
          "column": 12
        },
        "end": {
          "line": 48,
          "column": 32
        }
      },
      "23": {
        "start": {
          "line": 56,
          "column": 2
        },
        "end": {
          "line": 56,
          "column": 23
        }
      }
    },
    "fnMap": {
      "0": {
        "name": "(anonymous_0)",
        "decl": {
          "start": {
            "line": 5,
            "column": 41
          },
          "end": {
            "line": 5,
            "column": 42
          }
        },
        "loc": {
          "start": {
            "line": 5,
            "column": 47
          },
          "end": {
            "line": 57,
            "column": 1
          }
        },
        "line": 5
      },
      "1": {
        "name": "(anonymous_1)",
        "decl": {
          "start": {
            "line": 7,
            "column": 4
          },
          "end": {
            "line": 7,
            "column": 5
          }
        },
        "loc": {
          "start": {
            "line": 7,
            "column": 18
          },
          "end": {
            "line": 9,
            "column": 5
          }
        },
        "line": 7
      },
      "2": {
        "name": "(anonymous_2)",
        "decl": {
          "start": {
            "line": 10,
            "column": 4
          },
          "end": {
            "line": 10,
            "column": 5
          }
        },
        "loc": {
          "start": {
            "line": 10,
            "column": 15
          },
          "end": {
            "line": 10,
            "column": 17
          }
        },
        "line": 10
      },
      "3": {
        "name": "(anonymous_3)",
        "decl": {
          "start": {
            "line": 11,
            "column": 4
          },
          "end": {
            "line": 11,
            "column": 5
          }
        },
        "loc": {
          "start": {
            "line": 11,
            "column": 15
          },
          "end": {
            "line": 13,
            "column": 5
          }
        },
        "line": 11
      },
      "4": {
        "name": "(anonymous_4)",
        "decl": {
          "start": {
            "line": 14,
            "column": 4
          },
          "end": {
            "line": 14,
            "column": 5
          }
        },
        "loc": {
          "start": {
            "line": 14,
            "column": 18
          },
          "end": {
            "line": 16,
            "column": 5
          }
        },
        "line": 14
      },
      "5": {
        "name": "HomeComponent_Factory",
        "decl": {
          "start": {
            "line": 18,
            "column": 27
          },
          "end": {
            "line": 18,
            "column": 48
          }
        },
        "loc": {
          "start": {
            "line": 18,
            "column": 68
          },
          "end": {
            "line": 20,
            "column": 7
          }
        },
        "line": 18
      },
      "6": {
        "name": "HomeComponent_Template",
        "decl": {
          "start": {
            "line": 30,
            "column": 27
          },
          "end": {
            "line": 30,
            "column": 49
          }
        },
        "loc": {
          "start": {
            "line": 30,
            "column": 59
          },
          "end": {
            "line": 50,
            "column": 9
          }
        },
        "line": 30
      },
      "7": {
        "name": "HomeComponent_Template_button_click_4_listener",
        "decl": {
          "start": {
            "line": 38,
            "column": 44
          },
          "end": {
            "line": 38,
            "column": 90
          }
        },
        "loc": {
          "start": {
            "line": 38,
            "column": 93
          },
          "end": {
            "line": 40,
            "column": 13
          }
        },
        "line": 38
      },
      "8": {
        "name": "HomeComponent_Template_button_click_6_listener",
        "decl": {
          "start": {
            "line": 44,
            "column": 44
          },
          "end": {
            "line": 44,
            "column": 90
          }
        },
        "loc": {
          "start": {
            "line": 44,
            "column": 93
          },
          "end": {
            "line": 46,
            "column": 13
          }
        },
        "line": 44
      }
    },
    "branchMap": {
      "0": {
        "loc": {
          "start": {
            "line": 19,
            "column": 20
          },
          "end": {
            "line": 19,
            "column": 54
          }
        },
        "type": "binary-expr",
        "locations": [
          {
            "start": {
              "line": 19,
              "column": 20
            },
            "end": {
              "line": 19,
              "column": 37
            }
          },
          {
            "start": {
              "line": 19,
              "column": 41
            },
            "end": {
              "line": 19,
              "column": 54
            }
          }
        ],
        "line": 19
      },
      "1": {
        "loc": {
          "start": {
            "line": 31,
            "column": 10
          },
          "end": {
            "line": 49,
            "column": 11
          }
        },
        "type": "if",
        "locations": [
          {
            "start": {
              "line": 31,
              "column": 10
            },
            "end": {
              "line": 49,
              "column": 11
            }
          },
          {
            "start": {
              "line": 31,
              "column": 10
            },
            "end": {
              "line": 49,
              "column": 11
            }
          }
        ],
        "line": 31
      }
    },
    "s": {
      "0": 40,
      "1": 10,
      "2": 2,
      "3": 2,
      "4": 40,
      "5": 10,
      "6": 40,
      "7": 30,
      "8": 10,
      "9": 10,
      "10": 10,
      "11": 10,
      "12": 10,
      "13": 10,
      "14": 10,
      "15": 2,
      "16": 10,
      "17": 10,
      "18": 10,
      "19": 10,
      "20": 2,
      "21": 10,
      "22": 10,
      "23": 40
    },
    "f": {
      "0": 40,
      "1": 10,
      "2": 10,
      "3": 2,
      "4": 2,
      "5": 10,
      "6": 30,
      "7": 2,
      "8": 2
    },
    "b": {
      "0": [
        10,
        10
      ],
      "1": [
        10,
        20
      ]
    },
    "inputSourceMap": {
      "version": 3,
      "names": [
        "inject",
        "Router",
        "HomeComponent",
        "constructor",
        "router",
        "ngOnInit",
        "loginNav",
        "navigate",
        "registerNav",
        "selectors",
        "standalone",
        "decls",
        "vars",
        "consts",
        "template",
        "HomeComponent_Template",
        "rf",
        "ctx",
        "i0",
        "ɵɵelementStart",
        "ɵɵelement",
        "ɵɵtext",
        "ɵɵelementEnd",
        "ɵɵlistener",
        "HomeComponent_Template_button_click_4_listener",
        "HomeComponent_Template_button_click_6_listener"
      ],
      "sources": [
        "D:\\OpenClass\\nouveauProjet\\Developpez-une-application-full-stack-complete\\front\\src\\app\\pages\\home\\home.component.ts",
        "D:\\OpenClass\\nouveauProjet\\Developpez-une-application-full-stack-complete\\front\\src\\app\\pages\\home\\home.component.html"
      ],
      "sourcesContent": [
        "import { Component, inject, OnInit } from '@angular/core';\r\nimport { Router } from '@angular/router';\r\nimport { MaterialModule } from 'src/app/shared/material.module';\r\n\r\n@Component({\r\n    selector: 'app-home',\r\n    templateUrl: './home.component.html',\r\n    styleUrls: ['./home.component.scss'],\r\n    standalone:false\r\n})\r\nexport class HomeComponent implements OnInit {\r\n  \r\n  private router = inject(Router);\r\n\r\n  constructor() {}\r\n\r\n  ngOnInit(): void {}\r\n\r\n  loginNav(): void{\r\n    this.router.navigate(['/login']);\r\n  }\r\n\r\n  registerNav(): void {\r\n    this.router.navigate(['/register']);\r\n  }\r\n\r\n}\r\n",
        "<div class=\"center\">\r\n  <img src=\"/assets/logo_p6.png\" alt=\"logo\" />\r\n  <h1>Welcome to MDD</h1>\r\n  <button mat-raised-button color=\"primary\" data-cy=\"login-btn-home\" (click)=\"loginNav()\">Login</button>\r\n  <button mat-raised-button color=\"primary\" data-cy=\"register-btn-home\" (click)=\"registerNav()\">Register</button>\r\n</div>\r\n"
      ],
      "mappings": "AAAA,SAAoBA,MAAM,QAAgB,eAAe;AACzD,SAASC,MAAM,QAAQ,iBAAiB;;;AASxC,WAAaC,aAAa;EAApB,MAAOA,aAAa;IAIxBC,YAAA;MAFQ,KAAAC,MAAM,GAAGJ,MAAM,CAACC,MAAM,CAAC;IAEhB;IAEfI,QAAQA,CAAA,GAAU;IAElBC,QAAQA,CAAA;MACN,IAAI,CAACF,MAAM,CAACG,QAAQ,CAAC,CAAC,QAAQ,CAAC,CAAC;IAClC;IAEAC,WAAWA,CAAA;MACT,IAAI,CAACJ,MAAM,CAACG,QAAQ,CAAC,CAAC,WAAW,CAAC,CAAC;IACrC;;;yCAdWL,aAAa;MAAA;IAAA;;;cAAbA,aAAa;QAAAO,SAAA;QAAAC,UAAA;QAAAC,KAAA;QAAAC,IAAA;QAAAC,MAAA;QAAAC,QAAA,WAAAC,uBAAAC,EAAA,EAAAC,GAAA;UAAA,IAAAD,EAAA;YCV1BE,EAAA,CAAAC,cAAA,aAAoB;YAClBD,EAAA,CAAAE,SAAA,aAA4C;YAC5CF,EAAA,CAAAC,cAAA,SAAI;YAAAD,EAAA,CAAAG,MAAA,qBAAc;YAAAH,EAAA,CAAAI,YAAA,EAAK;YACvBJ,EAAA,CAAAC,cAAA,gBAAwF;YAArBD,EAAA,CAAAK,UAAA,mBAAAC,+CAAA;cAAA,OAASP,GAAA,CAAAX,QAAA,EAAU;YAAA,EAAC;YAACY,EAAA,CAAAG,MAAA,YAAK;YAAAH,EAAA,CAAAI,YAAA,EAAS;YACtGJ,EAAA,CAAAC,cAAA,gBAA8F;YAAxBD,EAAA,CAAAK,UAAA,mBAAAE,+CAAA;cAAA,OAASR,GAAA,CAAAT,WAAA,EAAa;YAAA,EAAC;YAACU,EAAA,CAAAG,MAAA,eAAQ;YACxGH,EADwG,CAAAI,YAAA,EAAS,EAC3G;;;;;;;;SDKOpB,aAAa;AAAA",
      "ignoreList": []
    },
    "_coverageSchema": "1a1c01bbd47fc00a2c39e90264f33305004495a9",
    "hash": "7f8d577e36684700b8ad76fda8255ffdb44d8e00"
  },
  "D:\\OpenClass\\nouveauProjet\\Developpez-une-application-full-stack-complete\\front\\src\\app\\core\\services\\auth.service.ts": {
    "path": "D:\\OpenClass\\nouveauProjet\\Developpez-une-application-full-stack-complete\\front\\src\\app\\core\\services\\auth.service.ts",
    "statementMap": {
      "0": {
        "start": {
          "line": 3,
          "column": 38
        },
        "end": {
          "line": 29,
          "column": 4
        }
      },
      "1": {
        "start": {
          "line": 6,
          "column": 6
        },
        "end": {
          "line": 6,
          "column": 35
        }
      },
      "2": {
        "start": {
          "line": 7,
          "column": 6
        },
        "end": {
          "line": 7,
          "column": 37
        }
      },
      "3": {
        "start": {
          "line": 10,
          "column": 6
        },
        "end": {
          "line": 10,
          "column": 83
        }
      },
      "4": {
        "start": {
          "line": 13,
          "column": 6
        },
        "end": {
          "line": 13,
          "column": 77
        }
      },
      "5": {
        "start": {
          "line": 16,
          "column": 6
        },
        "end": {
          "line": 18,
          "column": 8
        }
      },
      "6": {
        "start": {
          "line": 17,
          "column": 8
        },
        "end": {
          "line": 17,
          "column": 82
        }
      },
      "7": {
        "start": {
          "line": 21,
          "column": 6
        },
        "end": {
          "line": 25,
          "column": 9
        }
      },
      "8": {
        "start": {
          "line": 28,
          "column": 2
        },
        "end": {
          "line": 28,
          "column": 21
        }
      }
    },
    "fnMap": {
      "0": {
        "name": "(anonymous_0)",
        "decl": {
          "start": {
            "line": 3,
            "column": 39
          },
          "end": {
            "line": 3,
            "column": 40
          }
        },
        "loc": {
          "start": {
            "line": 3,
            "column": 45
          },
          "end": {
            "line": 29,
            "column": 1
          }
        },
        "line": 3
      },
      "1": {
        "name": "(anonymous_1)",
        "decl": {
          "start": {
            "line": 5,
            "column": 4
          },
          "end": {
            "line": 5,
            "column": 5
          }
        },
        "loc": {
          "start": {
            "line": 5,
            "column": 28
          },
          "end": {
            "line": 8,
            "column": 5
          }
        },
        "line": 5
      },
      "2": {
        "name": "(anonymous_2)",
        "decl": {
          "start": {
            "line": 9,
            "column": 4
          },
          "end": {
            "line": 9,
            "column": 5
          }
        },
        "loc": {
          "start": {
            "line": 9,
            "column": 30
          },
          "end": {
            "line": 11,
            "column": 5
          }
        },
        "line": 9
      },
      "3": {
        "name": "(anonymous_3)",
        "decl": {
          "start": {
            "line": 12,
            "column": 4
          },
          "end": {
            "line": 12,
            "column": 5
          }
        },
        "loc": {
          "start": {
            "line": 12,
            "column": 24
          },
          "end": {
            "line": 14,
            "column": 5
          }
        },
        "line": 12
      },
      "4": {
        "name": "AuthService_Factory",
        "decl": {
          "start": {
            "line": 16,
            "column": 27
          },
          "end": {
            "line": 16,
            "column": 46
          }
        },
        "loc": {
          "start": {
            "line": 16,
            "column": 66
          },
          "end": {
            "line": 18,
            "column": 7
          }
        },
        "line": 16
      }
    },
    "branchMap": {
      "0": {
        "loc": {
          "start": {
            "line": 17,
            "column": 20
          },
          "end": {
            "line": 17,
            "column": 52
          }
        },
        "type": "binary-expr",
        "locations": [
          {
            "start": {
              "line": 17,
              "column": 20
            },
            "end": {
              "line": 17,
              "column": 37
            }
          },
          {
            "start": {
              "line": 17,
              "column": 41
            },
            "end": {
              "line": 17,
              "column": 52
            }
          }
        ],
        "line": 17
      }
    },
    "s": {
      "0": 40,
      "1": 40,
      "2": 40,
      "3": 4,
      "4": 26,
      "5": 40,
      "6": 40,
      "7": 40,
      "8": 40
    },
    "f": {
      "0": 40,
      "1": 40,
      "2": 4,
      "3": 26,
      "4": 40
    },
    "b": {
      "0": [
        40,
        40
      ]
    },
    "inputSourceMap": {
      "version": 3,
      "names": [
        "AuthService",
        "constructor",
        "httpClient",
        "pathService",
        "register",
        "registerRequest",
        "post",
        "login",
        "loginRequest",
        "i0",
        "ɵɵinject",
        "i1",
        "HttpClient",
        "factory",
        "ɵfac",
        "providedIn"
      ],
      "sources": [
        "D:\\OpenClass\\nouveauProjet\\Developpez-une-application-full-stack-complete\\front\\src\\app\\core\\services\\auth.service.ts"
      ],
      "sourcesContent": [
        "import { HttpClient } from \"@angular/common/http\";\r\nimport { inject, Injectable } from \"@angular/core\";\r\nimport { RegisterRequest } from \"../models/registerRequest.interface\";\r\nimport { LoginRequest } from \"../models/loginRequest.interface\";\r\nimport { Observable } from \"rxjs\";\r\nimport { SessionInformation } from \"../models/sessionInformation.interface\";\r\n\r\n@Injectable({\r\n  providedIn: 'root'\r\n})\r\n\r\nexport class AuthService {\r\n\r\n  private pathService = '/api/auth';\r\n\r\n  constructor(private httpClient: HttpClient) { }\r\n\r\n  public register(registerRequest: RegisterRequest): Observable<void> {\r\n    return this.httpClient.post<void>(`${this.pathService}/register`, registerRequest);\r\n  }\r\n\r\n  public login(loginRequest: LoginRequest): Observable<SessionInformation> {\r\n    return this.httpClient.post<SessionInformation>(`${this.pathService}/login`, loginRequest);\r\n  }\r\n}"
      ],
      "mappings": ";;AAWA,WAAaA,WAAW;EAAlB,MAAOA,WAAW;IAItBC,YAAoBC,UAAsB;MAAtB,KAAAA,UAAU,GAAVA,UAAU;MAFtB,KAAAC,WAAW,GAAG,WAAW;IAEa;IAEvCC,QAAQA,CAACC,eAAgC;MAC9C,OAAO,IAAI,CAACH,UAAU,CAACI,IAAI,CAAO,GAAG,IAAI,CAACH,WAAW,WAAW,EAAEE,eAAe,CAAC;IACpF;IAEOE,KAAKA,CAACC,YAA0B;MACrC,OAAO,IAAI,CAACN,UAAU,CAACI,IAAI,CAAqB,GAAG,IAAI,CAACH,WAAW,QAAQ,EAAEK,YAAY,CAAC;IAC5F;;;yCAZWR,WAAW,EAAAS,EAAA,CAAAC,QAAA,CAAAC,EAAA,CAAAC,UAAA;MAAA;IAAA;;;eAAXZ,WAAW;QAAAa,OAAA,EAAXb,WAAW,CAAAc,IAAA;QAAAC,UAAA,EAHV;MAAM;IAAA;;SAGPf,WAAW;AAAA",
      "ignoreList": []
    },
    "_coverageSchema": "1a1c01bbd47fc00a2c39e90264f33305004495a9",
    "hash": "506f1788aee892854cc5b04eebd0dafb783afa19"
  },
  "D:\\OpenClass\\nouveauProjet\\Developpez-une-application-full-stack-complete\\front\\src\\app\\core\\services\\session.service.ts": {
    "path": "D:\\OpenClass\\nouveauProjet\\Developpez-une-application-full-stack-complete\\front\\src\\app\\core\\services\\session.service.ts",
    "statementMap": {
      "0": {
        "start": {
          "line": 3,
          "column": 41
        },
        "end": {
          "line": 39,
          "column": 4
        }
      },
      "1": {
        "start": {
          "line": 6,
          "column": 6
        },
        "end": {
          "line": 6,
          "column": 28
        }
      },
      "2": {
        "start": {
          "line": 7,
          "column": 6
        },
        "end": {
          "line": 7,
          "column": 64
        }
      },
      "3": {
        "start": {
          "line": 10,
          "column": 6
        },
        "end": {
          "line": 10,
          "column": 49
        }
      },
      "4": {
        "start": {
          "line": 13,
          "column": 6
        },
        "end": {
          "line": 13,
          "column": 37
        }
      },
      "5": {
        "start": {
          "line": 14,
          "column": 6
        },
        "end": {
          "line": 14,
          "column": 27
        }
      },
      "6": {
        "start": {
          "line": 15,
          "column": 6
        },
        "end": {
          "line": 15,
          "column": 18
        }
      },
      "7": {
        "start": {
          "line": 18,
          "column": 6
        },
        "end": {
          "line": 18,
          "column": 42
        }
      },
      "8": {
        "start": {
          "line": 19,
          "column": 6
        },
        "end": {
          "line": 19,
          "column": 28
        }
      },
      "9": {
        "start": {
          "line": 20,
          "column": 6
        },
        "end": {
          "line": 20,
          "column": 18
        }
      },
      "10": {
        "start": {
          "line": 23,
          "column": 6
        },
        "end": {
          "line": 23,
          "column": 47
        }
      },
      "11": {
        "start": {
          "line": 26,
          "column": 6
        },
        "end": {
          "line": 28,
          "column": 8
        }
      },
      "12": {
        "start": {
          "line": 27,
          "column": 8
        },
        "end": {
          "line": 27,
          "column": 59
        }
      },
      "13": {
        "start": {
          "line": 31,
          "column": 6
        },
        "end": {
          "line": 35,
          "column": 9
        }
      },
      "14": {
        "start": {
          "line": 38,
          "column": 2
        },
        "end": {
          "line": 38,
          "column": 24
        }
      }
    },
    "fnMap": {
      "0": {
        "name": "(anonymous_0)",
        "decl": {
          "start": {
            "line": 3,
            "column": 42
          },
          "end": {
            "line": 3,
            "column": 43
          }
        },
        "loc": {
          "start": {
            "line": 3,
            "column": 48
          },
          "end": {
            "line": 39,
            "column": 1
          }
        },
        "line": 3
      },
      "1": {
        "name": "(anonymous_1)",
        "decl": {
          "start": {
            "line": 5,
            "column": 4
          },
          "end": {
            "line": 5,
            "column": 5
          }
        },
        "loc": {
          "start": {
            "line": 5,
            "column": 18
          },
          "end": {
            "line": 8,
            "column": 5
          }
        },
        "line": 5
      },
      "2": {
        "name": "(anonymous_2)",
        "decl": {
          "start": {
            "line": 9,
            "column": 4
          },
          "end": {
            "line": 9,
            "column": 5
          }
        },
        "loc": {
          "start": {
            "line": 9,
            "column": 16
          },
          "end": {
            "line": 11,
            "column": 5
          }
        },
        "line": 9
      },
      "3": {
        "name": "(anonymous_3)",
        "decl": {
          "start": {
            "line": 12,
            "column": 4
          },
          "end": {
            "line": 12,
            "column": 5
          }
        },
        "loc": {
          "start": {
            "line": 12,
            "column": 16
          },
          "end": {
            "line": 16,
            "column": 5
          }
        },
        "line": 12
      },
      "4": {
        "name": "(anonymous_4)",
        "decl": {
          "start": {
            "line": 17,
            "column": 4
          },
          "end": {
            "line": 17,
            "column": 5
          }
        },
        "loc": {
          "start": {
            "line": 17,
            "column": 13
          },
          "end": {
            "line": 21,
            "column": 5
          }
        },
        "line": 17
      },
      "5": {
        "name": "(anonymous_5)",
        "decl": {
          "start": {
            "line": 22,
            "column": 4
          },
          "end": {
            "line": 22,
            "column": 5
          }
        },
        "loc": {
          "start": {
            "line": 22,
            "column": 11
          },
          "end": {
            "line": 24,
            "column": 5
          }
        },
        "line": 22
      },
      "6": {
        "name": "SessionService_Factory",
        "decl": {
          "start": {
            "line": 26,
            "column": 27
          },
          "end": {
            "line": 26,
            "column": 49
          }
        },
        "loc": {
          "start": {
            "line": 26,
            "column": 69
          },
          "end": {
            "line": 28,
            "column": 7
          }
        },
        "line": 26
      }
    },
    "branchMap": {
      "0": {
        "loc": {
          "start": {
            "line": 27,
            "column": 20
          },
          "end": {
            "line": 27,
            "column": 55
          }
        },
        "type": "binary-expr",
        "locations": [
          {
            "start": {
              "line": 27,
              "column": 20
            },
            "end": {
              "line": 27,
              "column": 37
            }
          },
          {
            "start": {
              "line": 27,
              "column": 41
            },
            "end": {
              "line": 27,
              "column": 55
            }
          }
        ],
        "line": 27
      }
    },
    "s": {
      "0": 40,
      "1": 40,
      "2": 40,
      "3": 1600,
      "4": 24,
      "5": 24,
      "6": 24,
      "7": 4,
      "8": 4,
      "9": 4,
      "10": 28,
      "11": 40,
      "12": 40,
      "13": 40,
      "14": 40
    },
    "f": {
      "0": 40,
      "1": 40,
      "2": 1600,
      "3": 24,
      "4": 4,
      "5": 28,
      "6": 40
    },
    "b": {
      "0": [
        40,
        40
      ]
    },
    "inputSourceMap": {
      "version": 3,
      "names": [
        "BehaviorSubject",
        "SessionService",
        "constructor",
        "isLogged",
        "isLoggedSubject",
        "$isLogged",
        "asObservable",
        "logIn",
        "user",
        "sessionInformation",
        "next",
        "logOut",
        "undefined",
        "factory",
        "ɵfac",
        "providedIn"
      ],
      "sources": [
        "D:\\OpenClass\\nouveauProjet\\Developpez-une-application-full-stack-complete\\front\\src\\app\\core\\services\\session.service.ts"
      ],
      "sourcesContent": [
        "import { Injectable } from '@angular/core';\r\nimport { BehaviorSubject, Observable } from 'rxjs';\r\nimport { SessionInformation } from '../models/sessionInformation.interface';\r\n\r\n@Injectable({\r\n  providedIn: 'root'\r\n})\r\nexport class SessionService {\r\n\r\n  public isLogged = false;\r\n  public sessionInformation: SessionInformation | undefined;\r\n\r\n  private isLoggedSubject = new BehaviorSubject<boolean>(this.isLogged);\r\n\r\n  public $isLogged(): Observable<boolean> {\r\n    return this.isLoggedSubject.asObservable();\r\n  }\r\n\r\n  public logIn(user: SessionInformation): void {\r\n    this.sessionInformation = user;\r\n    this.isLogged = true;\r\n    this.next();\r\n  }\r\n\r\n  public logOut(): void {\r\n    this.sessionInformation = undefined;\r\n    this.isLogged = false;\r\n    this.next();\r\n  }\r\n\r\n  private next(): void {\r\n    this.isLoggedSubject.next(this.isLogged);\r\n  }\r\n}"
      ],
      "mappings": "AACA,SAASA,eAAe,QAAoB,MAAM;;AAMlD,WAAaC,cAAc;EAArB,MAAOA,cAAc;IAH3BC,YAAA;MAKS,KAAAC,QAAQ,GAAG,KAAK;MAGf,KAAAC,eAAe,GAAG,IAAIJ,eAAe,CAAU,IAAI,CAACG,QAAQ,CAAC;;IAE9DE,SAASA,CAAA;MACd,OAAO,IAAI,CAACD,eAAe,CAACE,YAAY,EAAE;IAC5C;IAEOC,KAAKA,CAACC,IAAwB;MACnC,IAAI,CAACC,kBAAkB,GAAGD,IAAI;MAC9B,IAAI,CAACL,QAAQ,GAAG,IAAI;MACpB,IAAI,CAACO,IAAI,EAAE;IACb;IAEOC,MAAMA,CAAA;MACX,IAAI,CAACF,kBAAkB,GAAGG,SAAS;MACnC,IAAI,CAACT,QAAQ,GAAG,KAAK;MACrB,IAAI,CAACO,IAAI,EAAE;IACb;IAEQA,IAAIA,CAAA;MACV,IAAI,CAACN,eAAe,CAACM,IAAI,CAAC,IAAI,CAACP,QAAQ,CAAC;IAC1C;;;yCAzBWF,cAAc;MAAA;IAAA;;;eAAdA,cAAc;QAAAY,OAAA,EAAdZ,cAAc,CAAAa,IAAA;QAAAC,UAAA,EAFb;MAAM;IAAA;;SAEPd,cAAc;AAAA",
      "ignoreList": []
    },
    "_coverageSchema": "1a1c01bbd47fc00a2c39e90264f33305004495a9",
    "hash": "fc72890aba25ac809ac1ea3168b60f0bfc819250"
  },
  "D:\\OpenClass\\nouveauProjet\\Developpez-une-application-full-stack-complete\\front\\src\\app\\pages\\login\\login.component.ts": {
    "path": "D:\\OpenClass\\nouveauProjet\\Developpez-une-application-full-stack-complete\\front\\src\\app\\pages\\login\\login.component.ts",
    "statementMap": {
      "0": {
        "start": {
          "line": 12,
          "column": 2
        },
        "end": {
          "line": 16,
          "column": 3
        }
      },
      "1": {
        "start": {
          "line": 13,
          "column": 4
        },
        "end": {
          "line": 13,
          "column": 33
        }
      },
      "2": {
        "start": {
          "line": 14,
          "column": 4
        },
        "end": {
          "line": 14,
          "column": 38
        }
      },
      "3": {
        "start": {
          "line": 15,
          "column": 4
        },
        "end": {
          "line": 15,
          "column": 22
        }
      },
      "4": {
        "start": {
          "line": 18,
          "column": 41
        },
        "end": {
          "line": 111,
          "column": 4
        }
      },
      "5": {
        "start": {
          "line": 21,
          "column": 6
        },
        "end": {
          "line": 21,
          "column": 45
        }
      },
      "6": {
        "start": {
          "line": 22,
          "column": 6
        },
        "end": {
          "line": 22,
          "column": 51
        }
      },
      "7": {
        "start": {
          "line": 23,
          "column": 6
        },
        "end": {
          "line": 23,
          "column": 35
        }
      },
      "8": {
        "start": {
          "line": 24,
          "column": 6
        },
        "end": {
          "line": 24,
          "column": 36
        }
      },
      "9": {
        "start": {
          "line": 25,
          "column": 6
        },
        "end": {
          "line": 25,
          "column": 23
        }
      },
      "10": {
        "start": {
          "line": 26,
          "column": 6
        },
        "end": {
          "line": 26,
          "column": 27
        }
      },
      "11": {
        "start": {
          "line": 27,
          "column": 6
        },
        "end": {
          "line": 30,
          "column": 9
        }
      },
      "12": {
        "start": {
          "line": 33,
          "column": 6
        },
        "end": {
          "line": 33,
          "column": 31
        }
      },
      "13": {
        "start": {
          "line": 34,
          "column": 6
        },
        "end": {
          "line": 34,
          "column": 31
        }
      },
      "14": {
        "start": {
          "line": 37,
          "column": 6
        },
        "end": {
          "line": 37,
          "column": 36
        }
      },
      "15": {
        "start": {
          "line": 40,
          "column": 27
        },
        "end": {
          "line": 40,
          "column": 42
        }
      },
      "16": {
        "start": {
          "line": 41,
          "column": 6
        },
        "end": {
          "line": 47,
          "column": 9
        }
      },
      "17": {
        "start": {
          "line": 43,
          "column": 10
        },
        "end": {
          "line": 43,
          "column": 46
        }
      },
      "18": {
        "start": {
          "line": 44,
          "column": 10
        },
        "end": {
          "line": 44,
          "column": 50
        }
      },
      "19": {
        "start": {
          "line": 46,
          "column": 24
        },
        "end": {
          "line": 46,
          "column": 43
        }
      },
      "20": {
        "start": {
          "line": 50,
          "column": 6
        },
        "end": {
          "line": 50,
          "column": 33
        }
      },
      "21": {
        "start": {
          "line": 53,
          "column": 6
        },
        "end": {
          "line": 55,
          "column": 8
        }
      },
      "22": {
        "start": {
          "line": 54,
          "column": 8
        },
        "end": {
          "line": 54,
          "column": 59
        }
      },
      "23": {
        "start": {
          "line": 58,
          "column": 6
        },
        "end": {
          "line": 107,
          "column": 9
        }
      },
      "24": {
        "start": {
          "line": 66,
          "column": 10
        },
        "end": {
          "line": 95,
          "column": 11
        }
      },
      "25": {
        "start": {
          "line": 67,
          "column": 12
        },
        "end": {
          "line": 67,
          "column": 41
        }
      },
      "26": {
        "start": {
          "line": 68,
          "column": 12
        },
        "end": {
          "line": 70,
          "column": 15
        }
      },
      "27": {
        "start": {
          "line": 69,
          "column": 14
        },
        "end": {
          "line": 69,
          "column": 32
        }
      },
      "28": {
        "start": {
          "line": 71,
          "column": 12
        },
        "end": {
          "line": 71,
          "column": 35
        }
      },
      "29": {
        "start": {
          "line": 72,
          "column": 12
        },
        "end": {
          "line": 72,
          "column": 30
        }
      },
      "30": {
        "start": {
          "line": 73,
          "column": 12
        },
        "end": {
          "line": 73,
          "column": 52
        }
      },
      "31": {
        "start": {
          "line": 74,
          "column": 12
        },
        "end": {
          "line": 74,
          "column": 41
        }
      },
      "32": {
        "start": {
          "line": 75,
          "column": 12
        },
        "end": {
          "line": 75,
          "column": 30
        }
      },
      "33": {
        "start": {
          "line": 76,
          "column": 12
        },
        "end": {
          "line": 76,
          "column": 44
        }
      },
      "34": {
        "start": {
          "line": 77,
          "column": 12
        },
        "end": {
          "line": 79,
          "column": 15
        }
      },
      "35": {
        "start": {
          "line": 78,
          "column": 14
        },
        "end": {
          "line": 78,
          "column": 34
        }
      },
      "36": {
        "start": {
          "line": 80,
          "column": 12
        },
        "end": {
          "line": 80,
          "column": 70
        }
      },
      "37": {
        "start": {
          "line": 81,
          "column": 12
        },
        "end": {
          "line": 81,
          "column": 34
        }
      },
      "38": {
        "start": {
          "line": 82,
          "column": 12
        },
        "end": {
          "line": 82,
          "column": 30
        }
      },
      "39": {
        "start": {
          "line": 83,
          "column": 12
        },
        "end": {
          "line": 83,
          "column": 40
        }
      },
      "40": {
        "start": {
          "line": 84,
          "column": 12
        },
        "end": {
          "line": 84,
          "column": 30
        }
      },
      "41": {
        "start": {
          "line": 85,
          "column": 12
        },
        "end": {
          "line": 85,
          "column": 72
        }
      },
      "42": {
        "start": {
          "line": 86,
          "column": 12
        },
        "end": {
          "line": 86,
          "column": 42
        }
      },
      "43": {
        "start": {
          "line": 87,
          "column": 12
        },
        "end": {
          "line": 87,
          "column": 30
        }
      },
      "44": {
        "start": {
          "line": 88,
          "column": 12
        },
        "end": {
          "line": 88,
          "column": 41
        }
      },
      "45": {
        "start": {
          "line": 89,
          "column": 12
        },
        "end": {
          "line": 89,
          "column": 30
        }
      },
      "46": {
        "start": {
          "line": 90,
          "column": 12
        },
        "end": {
          "line": 90,
          "column": 47
        }
      },
      "47": {
        "start": {
          "line": 91,
          "column": 12
        },
        "end": {
          "line": 91,
          "column": 36
        }
      },
      "48": {
        "start": {
          "line": 92,
          "column": 12
        },
        "end": {
          "line": 92,
          "column": 30
        }
      },
      "49": {
        "start": {
          "line": 93,
          "column": 12
        },
        "end": {
          "line": 93,
          "column": 93
        }
      },
      "50": {
        "start": {
          "line": 94,
          "column": 12
        },
        "end": {
          "line": 94,
          "column": 32
        }
      },
      "51": {
        "start": {
          "line": 96,
          "column": 10
        },
        "end": {
          "line": 103,
          "column": 11
        }
      },
      "52": {
        "start": {
          "line": 97,
          "column": 12
        },
        "end": {
          "line": 97,
          "column": 28
        }
      },
      "53": {
        "start": {
          "line": 98,
          "column": 12
        },
        "end": {
          "line": 98,
          "column": 49
        }
      },
      "54": {
        "start": {
          "line": 99,
          "column": 12
        },
        "end": {
          "line": 99,
          "column": 28
        }
      },
      "55": {
        "start": {
          "line": 100,
          "column": 12
        },
        "end": {
          "line": 100,
          "column": 56
        }
      },
      "56": {
        "start": {
          "line": 101,
          "column": 12
        },
        "end": {
          "line": 101,
          "column": 28
        }
      },
      "57": {
        "start": {
          "line": 102,
          "column": 12
        },
        "end": {
          "line": 102,
          "column": 52
        }
      },
      "58": {
        "start": {
          "line": 110,
          "column": 2
        },
        "end": {
          "line": 110,
          "column": 24
        }
      }
    },
    "fnMap": {
      "0": {
        "name": "LoginComponent_Conditional_16_Template",
        "decl": {
          "start": {
            "line": 11,
            "column": 9
          },
          "end": {
            "line": 11,
            "column": 47
          }
        },
        "loc": {
          "start": {
            "line": 11,
            "column": 57
          },
          "end": {
            "line": 17,
            "column": 1
          }
        },
        "line": 11
      },
      "1": {
        "name": "(anonymous_1)",
        "decl": {
          "start": {
            "line": 18,
            "column": 42
          },
          "end": {
            "line": 18,
            "column": 43
          }
        },
        "loc": {
          "start": {
            "line": 18,
            "column": 48
          },
          "end": {
            "line": 111,
            "column": 1
          }
        },
        "line": 18
      },
      "2": {
        "name": "(anonymous_2)",
        "decl": {
          "start": {
            "line": 20,
            "column": 4
          },
          "end": {
            "line": 20,
            "column": 5
          }
        },
        "loc": {
          "start": {
            "line": 20,
            "column": 18
          },
          "end": {
            "line": 31,
            "column": 5
          }
        },
        "line": 20
      },
      "3": {
        "name": "(anonymous_3)",
        "decl": {
          "start": {
            "line": 32,
            "column": 4
          },
          "end": {
            "line": 32,
            "column": 5
          }
        },
        "loc": {
          "start": {
            "line": 32,
            "column": 18
          },
          "end": {
            "line": 35,
            "column": 5
          }
        },
        "line": 32
      },
      "4": {
        "name": "(anonymous_4)",
        "decl": {
          "start": {
            "line": 36,
            "column": 4
          },
          "end": {
            "line": 36,
            "column": 5
          }
        },
        "loc": {
          "start": {
            "line": 36,
            "column": 15
          },
          "end": {
            "line": 38,
            "column": 5
          }
        },
        "line": 36
      },
      "5": {
        "name": "(anonymous_5)",
        "decl": {
          "start": {
            "line": 39,
            "column": 4
          },
          "end": {
            "line": 39,
            "column": 5
          }
        },
        "loc": {
          "start": {
            "line": 39,
            "column": 13
          },
          "end": {
            "line": 48,
            "column": 5
          }
        },
        "line": 39
      },
      "6": {
        "name": "(anonymous_6)",
        "decl": {
          "start": {
            "line": 42,
            "column": 14
          },
          "end": {
            "line": 42,
            "column": 15
          }
        },
        "loc": {
          "start": {
            "line": 42,
            "column": 26
          },
          "end": {
            "line": 45,
            "column": 9
          }
        },
        "line": 42
      },
      "7": {
        "name": "(anonymous_7)",
        "decl": {
          "start": {
            "line": 46,
            "column": 15
          },
          "end": {
            "line": 46,
            "column": 16
          }
        },
        "loc": {
          "start": {
            "line": 46,
            "column": 24
          },
          "end": {
            "line": 46,
            "column": 43
          }
        },
        "line": 46
      },
      "8": {
        "name": "(anonymous_8)",
        "decl": {
          "start": {
            "line": 49,
            "column": 4
          },
          "end": {
            "line": 49,
            "column": 5
          }
        },
        "loc": {
          "start": {
            "line": 49,
            "column": 11
          },
          "end": {
            "line": 51,
            "column": 5
          }
        },
        "line": 49
      },
      "9": {
        "name": "LoginComponent_Factory",
        "decl": {
          "start": {
            "line": 53,
            "column": 27
          },
          "end": {
            "line": 53,
            "column": 49
          }
        },
        "loc": {
          "start": {
            "line": 53,
            "column": 69
          },
          "end": {
            "line": 55,
            "column": 7
          }
        },
        "line": 53
      },
      "10": {
        "name": "LoginComponent_Template",
        "decl": {
          "start": {
            "line": 65,
            "column": 27
          },
          "end": {
            "line": 65,
            "column": 50
          }
        },
        "loc": {
          "start": {
            "line": 65,
            "column": 60
          },
          "end": {
            "line": 104,
            "column": 9
          }
        },
        "line": 65
      },
      "11": {
        "name": "LoginComponent_Template_p_click_0_listener",
        "decl": {
          "start": {
            "line": 68,
            "column": 44
          },
          "end": {
            "line": 68,
            "column": 86
          }
        },
        "loc": {
          "start": {
            "line": 68,
            "column": 89
          },
          "end": {
            "line": 70,
            "column": 13
          }
        },
        "line": 68
      },
      "12": {
        "name": "LoginComponent_Template_form_ngSubmit_5_listener",
        "decl": {
          "start": {
            "line": 77,
            "column": 47
          },
          "end": {
            "line": 77,
            "column": 95
          }
        },
        "loc": {
          "start": {
            "line": 77,
            "column": 98
          },
          "end": {
            "line": 79,
            "column": 13
          }
        },
        "line": 77
      }
    },
    "branchMap": {
      "0": {
        "loc": {
          "start": {
            "line": 12,
            "column": 2
          },
          "end": {
            "line": 16,
            "column": 3
          }
        },
        "type": "if",
        "locations": [
          {
            "start": {
              "line": 12,
              "column": 2
            },
            "end": {
              "line": 16,
              "column": 3
            }
          },
          {
            "start": {
              "line": 12,
              "column": 2
            },
            "end": {
              "line": 16,
              "column": 3
            }
          }
        ],
        "line": 12
      },
      "1": {
        "loc": {
          "start": {
            "line": 54,
            "column": 20
          },
          "end": {
            "line": 54,
            "column": 55
          }
        },
        "type": "binary-expr",
        "locations": [
          {
            "start": {
              "line": 54,
              "column": 20
            },
            "end": {
              "line": 54,
              "column": 37
            }
          },
          {
            "start": {
              "line": 54,
              "column": 41
            },
            "end": {
              "line": 54,
              "column": 55
            }
          }
        ],
        "line": 54
      },
      "2": {
        "loc": {
          "start": {
            "line": 66,
            "column": 10
          },
          "end": {
            "line": 95,
            "column": 11
          }
        },
        "type": "if",
        "locations": [
          {
            "start": {
              "line": 66,
              "column": 10
            },
            "end": {
              "line": 95,
              "column": 11
            }
          },
          {
            "start": {
              "line": 66,
              "column": 10
            },
            "end": {
              "line": 95,
              "column": 11
            }
          }
        ],
        "line": 66
      },
      "3": {
        "loc": {
          "start": {
            "line": 96,
            "column": 10
          },
          "end": {
            "line": 103,
            "column": 11
          }
        },
        "type": "if",
        "locations": [
          {
            "start": {
              "line": 96,
              "column": 10
            },
            "end": {
              "line": 103,
              "column": 11
            }
          },
          {
            "start": {
              "line": 96,
              "column": 10
            },
            "end": {
              "line": 103,
              "column": 11
            }
          }
        ],
        "line": 96
      },
      "4": {
        "loc": {
          "start": {
            "line": 102,
            "column": 29
          },
          "end": {
            "line": 102,
            "column": 50
          }
        },
        "type": "cond-expr",
        "locations": [
          {
            "start": {
              "line": 102,
              "column": 43
            },
            "end": {
              "line": 102,
              "column": 45
            }
          },
          {
            "start": {
              "line": 102,
              "column": 48
            },
            "end": {
              "line": 102,
              "column": 50
            }
          }
        ],
        "line": 102
      }
    },
    "s": {
      "0": 6,
      "1": 2,
      "2": 2,
      "3": 2,
      "4": 40,
      "5": 34,
      "6": 34,
      "7": 34,
      "8": 34,
      "9": 34,
      "10": 34,
      "11": 34,
      "12": 26,
      "13": 26,
      "14": 34,
      "15": 26,
      "16": 26,
      "17": 24,
      "18": 24,
      "19": 2,
      "20": 2,
      "21": 40,
      "22": 34,
      "23": 40,
      "24": 972,
      "25": 34,
      "26": 34,
      "27": 2,
      "28": 34,
      "29": 34,
      "30": 34,
      "31": 34,
      "32": 34,
      "33": 34,
      "34": 34,
      "35": 26,
      "36": 34,
      "37": 34,
      "38": 34,
      "39": 34,
      "40": 34,
      "41": 34,
      "42": 34,
      "43": 34,
      "44": 34,
      "45": 34,
      "46": 34,
      "47": 34,
      "48": 34,
      "49": 34,
      "50": 34,
      "51": 972,
      "52": 938,
      "53": 938,
      "54": 938,
      "55": 938,
      "56": 938,
      "57": 938,
      "58": 40
    },
    "f": {
      "0": 6,
      "1": 40,
      "2": 34,
      "3": 26,
      "4": 34,
      "5": 26,
      "6": 24,
      "7": 2,
      "8": 2,
      "9": 34,
      "10": 972,
      "11": 2,
      "12": 26
    },
    "b": {
      "0": [
        2,
        4
      ],
      "1": [
        34,
        34
      ],
      "2": [
        34,
        938
      ],
      "3": [
        938,
        34
      ],
      "4": [
        4,
        934
      ]
    },
    "inputSourceMap": {
      "version": 3,
      "names": [
        "inject",
        "FormBuilder",
        "Validators",
        "Router",
        "Subject",
        "takeUntil",
        "AuthService",
        "SessionService",
        "i0",
        "ɵɵelementStart",
        "ɵɵtext",
        "ɵɵelementEnd",
        "LoginComponent",
        "constructor",
        "authService",
        "sessionService",
        "router",
        "fb",
        "hide",
        "onError",
        "form",
        "group",
        "email",
        "required",
        "password",
        "ngOnDestroy",
        "destroy$",
        "next",
        "complete",
        "ngOnInit",
        "submit",
        "loginRequest",
        "value",
        "login",
        "pipe",
        "subscribe",
        "response",
        "logIn",
        "navigate",
        "error",
        "back",
        "selectors",
        "standalone",
        "decls",
        "vars",
        "consts",
        "template",
        "LoginComponent_Template",
        "rf",
        "ctx",
        "ɵɵlistener",
        "LoginComponent_Template_p_click_0_listener",
        "LoginComponent_Template_form_ngSubmit_5_listener",
        "ɵɵelement",
        "ɵɵconditionalCreate",
        "LoginComponent_Conditional_16_Template",
        "ɵɵadvance",
        "ɵɵproperty",
        "invalid",
        "ɵɵconditional"
      ],
      "sources": [
        "D:\\OpenClass\\nouveauProjet\\Developpez-une-application-full-stack-complete\\front\\src\\app\\pages\\login\\login.component.ts",
        "D:\\OpenClass\\nouveauProjet\\Developpez-une-application-full-stack-complete\\front\\src\\app\\pages\\login\\login.component.html"
      ],
      "sourcesContent": [
        "import { Component, inject, OnDestroy, OnInit } from '@angular/core';\r\nimport { FormBuilder, Validators } from '@angular/forms';\r\nimport { Router } from '@angular/router';\r\nimport { Subject, takeUntil } from 'rxjs';\r\nimport { LoginRequest } from 'src/app/core/models/loginRequest.interface';\r\nimport { SessionInformation } from 'src/app/core/models/sessionInformation.interface';\r\nimport { AuthService } from 'src/app/core/services/auth.service';\r\nimport { SessionService } from 'src/app/core/services/session.service';\r\nimport { MaterialModule } from 'src/app/shared/material.module';\r\n\r\n\r\n@Component({\r\n    selector: 'app-login',\r\n    templateUrl: './login.component.html',\r\n    styleUrls: ['./login.component.scss'],\r\n    standalone:false\r\n})\r\nexport class LoginComponent implements OnInit, OnDestroy {\r\n  private authService = inject(AuthService);\r\n  private sessionService = inject(SessionService);\r\n  private router = inject(Router);\r\n  private fb = inject(FormBuilder);\r\n  public hide = true;\r\n  public onError = false;\r\n  private destroy$!: Subject<boolean>;\r\n\r\n  public form = this.fb.group({\r\n    email: [\r\n      '',\r\n      [\r\n        Validators.required,\r\n        Validators.email\r\n      ]\r\n    ],\r\n    password: [\r\n      '',\r\n      [\r\n        Validators.required\r\n      ]\r\n    ]\r\n  });\r\n  \r\n  constructor() { }\r\n\r\n  ngOnDestroy(): void {\r\n    this.destroy$.next(true);\r\n    this.destroy$.complete();\r\n  }\r\n\r\n  ngOnInit(): void {\r\n    this.destroy$ = new Subject<boolean>();\r\n  }\r\n\r\n  public submit(): void {\r\n    const loginRequest = this.form.value as LoginRequest;\r\n    this.authService.login(loginRequest).pipe(takeUntil(this.destroy$)).subscribe({\r\n      next: (response: SessionInformation) => {\r\n        this.sessionService.logIn(response);\r\n        this.router.navigate(['/feed/article']);\r\n      },\r\n      error: error => this.onError = true,\r\n    });\r\n  }\r\n\r\n  public back(): void{\r\n    this.router.navigate(['']);\r\n  }\r\n}\r\n",
        "<p class=\"backBtn\" data-cy=\"bckBtn_login\" (click)=\"back()\">&#8592;</p>\r\n<div class=\"login\" fxLayout=\"row\" fxLayoutAlign=\"center center\">\r\n    <h1>Se connecter</h1>\r\n    <form class=\"login-form\" [formGroup]=\"form\" (ngSubmit)=\"submit()\">\r\n        <mat-form-field data-cy=\"emailField_login\">\r\n            <mat-label>Email</mat-label>\r\n            <input matInput placeholder=\"Email\" formControlName=\"email\" data-cy=\"emailInput_login\">\r\n        </mat-form-field>\r\n        <mat-form-field data-cy=\"passwordField_login\">\r\n            <mat-label>Mot De Passe</mat-label>\r\n            <input matInput placeholder=\"Mot De Passe\" formControlName=\"password\" data-cy=\"passwordInput_login\">\r\n        </mat-form-field>\r\n        <button mat-raised-button color=\"primary\" type=\"submit\" [disabled]=\"form.invalid\" data-cy=\"submitBtn_login\" id=\"submitBtn_login\">Submit</button>\r\n        @if (onError) {<p class=\"error\" id=\"errorMes_login\">An error occurred</p>}\r\n    </form>\r\n</div>"
      ],
      "mappings": "AAAA,SAAoBA,MAAM,QAA2B,eAAe;AACpE,SAASC,WAAW,EAAEC,UAAU,QAAQ,gBAAgB;AACxD,SAASC,MAAM,QAAQ,iBAAiB;AACxC,SAASC,OAAO,EAAEC,SAAS,QAAQ,MAAM;AAGzC,SAASC,WAAW,QAAQ,oCAAoC;AAChE,SAASC,cAAc,QAAQ,uCAAuC;;;;;;;ICM/CC,EAAA,CAAAC,cAAA,WAAqC;IAAAD,EAAA,CAAAE,MAAA,wBAAiB;IAAAF,EAAA,CAAAG,YAAA,EAAI;;;ADIjF,WAAaC,cAAc;EAArB,MAAOA,cAAc;IAyBzBC,YAAA;MAxBQ,KAAAC,WAAW,GAAGd,MAAM,CAACM,WAAW,CAAC;MACjC,KAAAS,cAAc,GAAGf,MAAM,CAACO,cAAc,CAAC;MACvC,KAAAS,MAAM,GAAGhB,MAAM,CAACG,MAAM,CAAC;MACvB,KAAAc,EAAE,GAAGjB,MAAM,CAACC,WAAW,CAAC;MACzB,KAAAiB,IAAI,GAAG,IAAI;MACX,KAAAC,OAAO,GAAG,KAAK;MAGf,KAAAC,IAAI,GAAG,IAAI,CAACH,EAAE,CAACI,KAAK,CAAC;QAC1BC,KAAK,EAAE,CACL,EAAE,EACF,CACEpB,UAAU,CAACqB,QAAQ,EACnBrB,UAAU,CAACoB,KAAK,CACjB,CACF;QACDE,QAAQ,EAAE,CACR,EAAE,EACF,CACEtB,UAAU,CAACqB,QAAQ,CACpB;OAEJ,CAAC;IAEc;IAEhBE,WAAWA,CAAA;MACT,IAAI,CAACC,QAAQ,CAACC,IAAI,CAAC,IAAI,CAAC;MACxB,IAAI,CAACD,QAAQ,CAACE,QAAQ,EAAE;IAC1B;IAEAC,QAAQA,CAAA;MACN,IAAI,CAACH,QAAQ,GAAG,IAAItB,OAAO,EAAW;IACxC;IAEO0B,MAAMA,CAAA;MACX,MAAMC,YAAY,GAAG,IAAI,CAACX,IAAI,CAACY,KAAqB;MACpD,IAAI,CAAClB,WAAW,CAACmB,KAAK,CAACF,YAAY,CAAC,CAACG,IAAI,CAAC7B,SAAS,CAAC,IAAI,CAACqB,QAAQ,CAAC,CAAC,CAACS,SAAS,CAAC;QAC5ER,IAAI,EAAGS,QAA4B,IAAI;UACrC,IAAI,CAACrB,cAAc,CAACsB,KAAK,CAACD,QAAQ,CAAC;UACnC,IAAI,CAACpB,MAAM,CAACsB,QAAQ,CAAC,CAAC,eAAe,CAAC,CAAC;QACzC,CAAC;QACDC,KAAK,EAAEA,KAAK,IAAI,IAAI,CAACpB,OAAO,GAAG;OAChC,CAAC;IACJ;IAEOqB,IAAIA,CAAA;MACT,IAAI,CAACxB,MAAM,CAACsB,QAAQ,CAAC,CAAC,EAAE,CAAC,CAAC;IAC5B;;;yCAjDW1B,cAAc;MAAA;IAAA;;;cAAdA,cAAc;QAAA6B,SAAA;QAAAC,UAAA;QAAAC,KAAA;QAAAC,IAAA;QAAAC,MAAA;QAAAC,QAAA,WAAAC,wBAAAC,EAAA,EAAAC,GAAA;UAAA,IAAAD,EAAA;YCjB3BxC,EAAA,CAAAC,cAAA,WAA2D;YAAjBD,EAAA,CAAA0C,UAAA,mBAAAC,2CAAA;cAAA,OAASF,GAAA,CAAAT,IAAA,EAAM;YAAA,EAAC;YAAChC,EAAA,CAAAE,MAAA,aAAO;YAAAF,EAAA,CAAAG,YAAA,EAAI;YAElEH,EADJ,CAAAC,cAAA,aAAgE,SACxD;YAAAD,EAAA,CAAAE,MAAA,mBAAY;YAAAF,EAAA,CAAAG,YAAA,EAAK;YACrBH,EAAA,CAAAC,cAAA,cAAkE;YAAtBD,EAAA,CAAA0C,UAAA,sBAAAE,iDAAA;cAAA,OAAYH,GAAA,CAAAnB,MAAA,EAAQ;YAAA,EAAC;YAEzDtB,EADJ,CAAAC,cAAA,wBAA2C,gBAC5B;YAAAD,EAAA,CAAAE,MAAA,YAAK;YAAAF,EAAA,CAAAG,YAAA,EAAY;YAC5BH,EAAA,CAAA6C,SAAA,eAAuF;YAC3F7C,EAAA,CAAAG,YAAA,EAAiB;YAEbH,EADJ,CAAAC,cAAA,yBAA8C,iBAC/B;YAAAD,EAAA,CAAAE,MAAA,oBAAY;YAAAF,EAAA,CAAAG,YAAA,EAAY;YACnCH,EAAA,CAAA6C,SAAA,gBAAoG;YACxG7C,EAAA,CAAAG,YAAA,EAAiB;YACjBH,EAAA,CAAAC,cAAA,iBAAiI;YAAAD,EAAA,CAAAE,MAAA,cAAM;YAAAF,EAAA,CAAAG,YAAA,EAAS;YAChJH,EAAA,CAAA8C,mBAAA,KAAAC,sCAAA,eAAe;YAEvB/C,EADI,CAAAG,YAAA,EAAO,EACL;;;YAZuBH,EAAA,CAAAgD,SAAA,GAAkB;YAAlBhD,EAAA,CAAAiD,UAAA,cAAAR,GAAA,CAAA7B,IAAA,CAAkB;YASiBZ,EAAA,CAAAgD,SAAA,GAAyB;YAAzBhD,EAAA,CAAAiD,UAAA,aAAAR,GAAA,CAAA7B,IAAA,CAAAsC,OAAA,CAAyB;YACjFlD,EAAA,CAAAgD,SAAA,GAA0E;YAA1EhD,EAAA,CAAAmD,aAAA,CAAAV,GAAA,CAAA9B,OAAA,WAA0E;;;;;;;;SDIrEP,cAAc;AAAA",
      "ignoreList": []
    },
    "_coverageSchema": "1a1c01bbd47fc00a2c39e90264f33305004495a9",
    "hash": "a5404b6b4b27b14e524a748597c77b92462575bc"
  },
  "D:\\OpenClass\\nouveauProjet\\Developpez-une-application-full-stack-complete\\front\\src\\app\\core\\validators\\valid.validator.ts": {
    "path": "D:\\OpenClass\\nouveauProjet\\Developpez-une-application-full-stack-complete\\front\\src\\app\\core\\validators\\valid.validator.ts",
    "statementMap": {
      "0": {
        "start": {
          "line": 2,
          "column": 2
        },
        "end": {
          "line": 15,
          "column": 4
        }
      },
      "1": {
        "start": {
          "line": 3,
          "column": 27
        },
        "end": {
          "line": 3,
          "column": 84
        }
      },
      "2": {
        "start": {
          "line": 4,
          "column": 25
        },
        "end": {
          "line": 4,
          "column": 50
        }
      },
      "3": {
        "start": {
          "line": 5,
          "column": 25
        },
        "end": {
          "line": 5,
          "column": 50
        }
      },
      "4": {
        "start": {
          "line": 6,
          "column": 23
        },
        "end": {
          "line": 6,
          "column": 48
        }
      },
      "5": {
        "start": {
          "line": 7,
          "column": 26
        },
        "end": {
          "line": 7,
          "column": 86
        }
      },
      "6": {
        "start": {
          "line": 8,
          "column": 4
        },
        "end": {
          "line": 14,
          "column": 5
        }
      },
      "7": {
        "start": {
          "line": 9,
          "column": 6
        },
        "end": {
          "line": 9,
          "column": 18
        }
      },
      "8": {
        "start": {
          "line": 11,
          "column": 6
        },
        "end": {
          "line": 13,
          "column": 8
        }
      },
      "9": {
        "start": {
          "line": 18,
          "column": 2
        },
        "end": {
          "line": 31,
          "column": 4
        }
      },
      "10": {
        "start": {
          "line": 19,
          "column": 27
        },
        "end": {
          "line": 19,
          "column": 84
        }
      },
      "11": {
        "start": {
          "line": 20,
          "column": 25
        },
        "end": {
          "line": 20,
          "column": 50
        }
      },
      "12": {
        "start": {
          "line": 21,
          "column": 25
        },
        "end": {
          "line": 21,
          "column": 50
        }
      },
      "13": {
        "start": {
          "line": 22,
          "column": 23
        },
        "end": {
          "line": 22,
          "column": 48
        }
      },
      "14": {
        "start": {
          "line": 23,
          "column": 26
        },
        "end": {
          "line": 23,
          "column": 86
        }
      },
      "15": {
        "start": {
          "line": 24,
          "column": 4
        },
        "end": {
          "line": 30,
          "column": 5
        }
      },
      "16": {
        "start": {
          "line": 25,
          "column": 6
        },
        "end": {
          "line": 25,
          "column": 18
        }
      },
      "17": {
        "start": {
          "line": 27,
          "column": 6
        },
        "end": {
          "line": 29,
          "column": 8
        }
      }
    },
    "fnMap": {
      "0": {
        "name": "authValidator",
        "decl": {
          "start": {
            "line": 1,
            "column": 16
          },
          "end": {
            "line": 1,
            "column": 29
          }
        },
        "loc": {
          "start": {
            "line": 1,
            "column": 32
          },
          "end": {
            "line": 16,
            "column": 1
          }
        },
        "line": 1
      },
      "1": {
        "name": "(anonymous_1)",
        "decl": {
          "start": {
            "line": 2,
            "column": 9
          },
          "end": {
            "line": 2,
            "column": 10
          }
        },
        "loc": {
          "start": {
            "line": 2,
            "column": 17
          },
          "end": {
            "line": 15,
            "column": 3
          }
        },
        "line": 2
      },
      "2": {
        "name": "mePassValidator",
        "decl": {
          "start": {
            "line": 17,
            "column": 16
          },
          "end": {
            "line": 17,
            "column": 31
          }
        },
        "loc": {
          "start": {
            "line": 17,
            "column": 34
          },
          "end": {
            "line": 32,
            "column": 1
          }
        },
        "line": 17
      },
      "3": {
        "name": "(anonymous_3)",
        "decl": {
          "start": {
            "line": 18,
            "column": 9
          },
          "end": {
            "line": 18,
            "column": 10
          }
        },
        "loc": {
          "start": {
            "line": 18,
            "column": 17
          },
          "end": {
            "line": 31,
            "column": 3
          }
        },
        "line": 18
      }
    },
    "branchMap": {
      "0": {
        "loc": {
          "start": {
            "line": 7,
            "column": 26
          },
          "end": {
            "line": 7,
            "column": 86
          }
        },
        "type": "binary-expr",
        "locations": [
          {
            "start": {
              "line": 7,
              "column": 26
            },
            "end": {
              "line": 7,
              "column": 40
            }
          },
          {
            "start": {
              "line": 7,
              "column": 44
            },
            "end": {
              "line": 7,
              "column": 56
            }
          },
          {
            "start": {
              "line": 7,
              "column": 60
            },
            "end": {
              "line": 7,
              "column": 72
            }
          },
          {
            "start": {
              "line": 7,
              "column": 76
            },
            "end": {
              "line": 7,
              "column": 86
            }
          }
        ],
        "line": 7
      },
      "1": {
        "loc": {
          "start": {
            "line": 8,
            "column": 4
          },
          "end": {
            "line": 14,
            "column": 5
          }
        },
        "type": "if",
        "locations": [
          {
            "start": {
              "line": 8,
              "column": 4
            },
            "end": {
              "line": 14,
              "column": 5
            }
          },
          {
            "start": {
              "line": 8,
              "column": 4
            },
            "end": {
              "line": 14,
              "column": 5
            }
          }
        ],
        "line": 8
      },
      "2": {
        "loc": {
          "start": {
            "line": 23,
            "column": 26
          },
          "end": {
            "line": 23,
            "column": 86
          }
        },
        "type": "binary-expr",
        "locations": [
          {
            "start": {
              "line": 23,
              "column": 26
            },
            "end": {
              "line": 23,
              "column": 40
            }
          },
          {
            "start": {
              "line": 23,
              "column": 44
            },
            "end": {
              "line": 23,
              "column": 56
            }
          },
          {
            "start": {
              "line": 23,
              "column": 60
            },
            "end": {
              "line": 23,
              "column": 72
            }
          },
          {
            "start": {
              "line": 23,
              "column": 76
            },
            "end": {
              "line": 23,
              "column": 86
            }
          }
        ],
        "line": 23
      },
      "3": {
        "loc": {
          "start": {
            "line": 24,
            "column": 4
          },
          "end": {
            "line": 30,
            "column": 5
          }
        },
        "type": "if",
        "locations": [
          {
            "start": {
              "line": 24,
              "column": 4
            },
            "end": {
              "line": 30,
              "column": 5
            }
          },
          {
            "start": {
              "line": 24,
              "column": 4
            },
            "end": {
              "line": 30,
              "column": 5
            }
          }
        ],
        "line": 24
      },
      "4": {
        "loc": {
          "start": {
            "line": 24,
            "column": 8
          },
          "end": {
            "line": 24,
            "column": 41
          }
        },
        "type": "binary-expr",
        "locations": [
          {
            "start": {
              "line": 24,
              "column": 8
            },
            "end": {
              "line": 24,
              "column": 21
            }
          },
          {
            "start": {
              "line": 24,
              "column": 25
            },
            "end": {
              "line": 24,
              "column": 41
            }
          }
        ],
        "line": 24
      }
    },
    "s": {
      "0": 8,
      "1": 80,
      "2": 80,
      "3": 80,
      "4": 80,
      "5": 80,
      "6": 80,
      "7": 4,
      "8": 76,
      "9": 2,
      "10": 6,
      "11": 6,
      "12": 6,
      "13": 6,
      "14": 6,
      "15": 6,
      "16": 6,
      "17": 0
    },
    "f": {
      "0": 8,
      "1": 80,
      "2": 2,
      "3": 6
    },
    "b": {
      "0": [
        80,
        12,
        4,
        4
      ],
      "1": [
        4,
        76
      ],
      "2": [
        6,
        0,
        0,
        0
      ],
      "3": [
        6,
        0
      ],
      "4": [
        6,
        6
      ]
    },
    "inputSourceMap": {
      "version": 3,
      "names": [
        "authValidator",
        "ctrl",
        "HasSpecialChar",
        "test",
        "value",
        "hasUpperCase",
        "hasLowerCase",
        "hasNumeric",
        "passwordValid",
        "validValidator",
        "mePassValidator"
      ],
      "sources": [
        "D:\\OpenClass\\nouveauProjet\\Developpez-une-application-full-stack-complete\\front\\src\\app\\core\\validators\\valid.validator.ts"
      ],
      "sourcesContent": [
        "import { AbstractControl, ValidationErrors, ValidatorFn } from '@angular/forms';\r\n\r\nexport function authValidator(): ValidatorFn {\r\n    return (ctrl: AbstractControl): null | ValidationErrors => {\r\n\r\n        const HasSpecialChar = /[!@#$%^&*()_+\\-=\\[\\]{};':\"\\\\|,.<>\\/?]+/.test(ctrl.value);\r\n\r\n        const hasUpperCase = /[A-Z]+/.test(ctrl.value);\r\n\r\n        const hasLowerCase = /[a-z]+/.test(ctrl.value);\r\n\r\n        const hasNumeric = /[0-9]+/.test(ctrl.value);\r\n\r\n        const passwordValid = HasSpecialChar && hasUpperCase && hasLowerCase && hasNumeric;\r\n\r\n        if(passwordValid){\r\n            return null;\r\n        } else {\r\n           return { validValidator: ctrl.value };\r\n        }\r\n    };\r\n}\r\n\r\nexport function mePassValidator(): ValidatorFn {\r\n    return (ctrl: AbstractControl): null | ValidationErrors => {\r\n\r\n        const HasSpecialChar = /[!@#$%^&*()_+\\-=\\[\\]{};':\"\\\\|,.<>\\/?]+/.test(ctrl.value);\r\n\r\n        const hasUpperCase = /[A-Z]+/.test(ctrl.value);\r\n\r\n        const hasLowerCase = /[a-z]+/.test(ctrl.value);\r\n\r\n        const hasNumeric = /[0-9]+/.test(ctrl.value);\r\n\r\n        const passwordValid = HasSpecialChar && hasUpperCase && hasLowerCase && hasNumeric;\r\n\r\n        if(passwordValid || ctrl.value==\"\"){\r\n            return null;\r\n        } else {\r\n           return { mePassValidator: ctrl.value };\r\n        }\r\n    };\r\n}"
      ],
      "mappings": "AAEA,OAAM,SAAUA,aAAaA,CAAA;EACzB,OAAQC,IAAqB,IAA6B;IAEtD,MAAMC,cAAc,GAAG,wCAAwC,CAACC,IAAI,CAACF,IAAI,CAACG,KAAK,CAAC;IAEhF,MAAMC,YAAY,GAAG,QAAQ,CAACF,IAAI,CAACF,IAAI,CAACG,KAAK,CAAC;IAE9C,MAAME,YAAY,GAAG,QAAQ,CAACH,IAAI,CAACF,IAAI,CAACG,KAAK,CAAC;IAE9C,MAAMG,UAAU,GAAG,QAAQ,CAACJ,IAAI,CAACF,IAAI,CAACG,KAAK,CAAC;IAE5C,MAAMI,aAAa,GAAGN,cAAc,IAAIG,YAAY,IAAIC,YAAY,IAAIC,UAAU;IAElF,IAAGC,aAAa,EAAC;MACb,OAAO,IAAI;IACf,CAAC,MAAM;MACJ,OAAO;QAAEC,cAAc,EAAER,IAAI,CAACG;MAAK,CAAE;IACxC;EACJ,CAAC;AACL;AAEA,OAAM,SAAUM,eAAeA,CAAA;EAC3B,OAAQT,IAAqB,IAA6B;IAEtD,MAAMC,cAAc,GAAG,wCAAwC,CAACC,IAAI,CAACF,IAAI,CAACG,KAAK,CAAC;IAEhF,MAAMC,YAAY,GAAG,QAAQ,CAACF,IAAI,CAACF,IAAI,CAACG,KAAK,CAAC;IAE9C,MAAME,YAAY,GAAG,QAAQ,CAACH,IAAI,CAACF,IAAI,CAACG,KAAK,CAAC;IAE9C,MAAMG,UAAU,GAAG,QAAQ,CAACJ,IAAI,CAACF,IAAI,CAACG,KAAK,CAAC;IAE5C,MAAMI,aAAa,GAAGN,cAAc,IAAIG,YAAY,IAAIC,YAAY,IAAIC,UAAU;IAElF,IAAGC,aAAa,IAAIP,IAAI,CAACG,KAAK,IAAE,EAAE,EAAC;MAC/B,OAAO,IAAI;IACf,CAAC,MAAM;MACJ,OAAO;QAAEM,eAAe,EAAET,IAAI,CAACG;MAAK,CAAE;IACzC;EACJ,CAAC;AACL",
      "ignoreList": []
    },
    "_coverageSchema": "1a1c01bbd47fc00a2c39e90264f33305004495a9",
    "hash": "2d812ecf22efd14e576c284479f904140ef64a05"
  },
  "D:\\OpenClass\\nouveauProjet\\Developpez-une-application-full-stack-complete\\front\\src\\app\\pages\\register\\register.component.ts": {
    "path": "D:\\OpenClass\\nouveauProjet\\Developpez-une-application-full-stack-complete\\front\\src\\app\\pages\\register\\register.component.ts",
    "statementMap": {
      "0": {
        "start": {
          "line": 12,
          "column": 2
        },
        "end": {
          "line": 16,
          "column": 3
        }
      },
      "1": {
        "start": {
          "line": 13,
          "column": 4
        },
        "end": {
          "line": 13,
          "column": 33
        }
      },
      "2": {
        "start": {
          "line": 14,
          "column": 4
        },
        "end": {
          "line": 14,
          "column": 38
        }
      },
      "3": {
        "start": {
          "line": 15,
          "column": 4
        },
        "end": {
          "line": 15,
          "column": 22
        }
      },
      "4": {
        "start": {
          "line": 18,
          "column": 44
        },
        "end": {
          "line": 107,
          "column": 4
        }
      },
      "5": {
        "start": {
          "line": 21,
          "column": 6
        },
        "end": {
          "line": 21,
          "column": 45
        }
      },
      "6": {
        "start": {
          "line": 22,
          "column": 6
        },
        "end": {
          "line": 22,
          "column": 35
        }
      },
      "7": {
        "start": {
          "line": 23,
          "column": 6
        },
        "end": {
          "line": 23,
          "column": 27
        }
      },
      "8": {
        "start": {
          "line": 24,
          "column": 6
        },
        "end": {
          "line": 24,
          "column": 36
        }
      },
      "9": {
        "start": {
          "line": 25,
          "column": 6
        },
        "end": {
          "line": 25,
          "column": 23
        }
      },
      "10": {
        "start": {
          "line": 26,
          "column": 6
        },
        "end": {
          "line": 30,
          "column": 9
        }
      },
      "11": {
        "start": {
          "line": 33,
          "column": 6
        },
        "end": {
          "line": 33,
          "column": 31
        }
      },
      "12": {
        "start": {
          "line": 34,
          "column": 6
        },
        "end": {
          "line": 34,
          "column": 31
        }
      },
      "13": {
        "start": {
          "line": 37,
          "column": 6
        },
        "end": {
          "line": 37,
          "column": 36
        }
      },
      "14": {
        "start": {
          "line": 40,
          "column": 30
        },
        "end": {
          "line": 40,
          "column": 45
        }
      },
      "15": {
        "start": {
          "line": 41,
          "column": 6
        },
        "end": {
          "line": 44,
          "column": 9
        }
      },
      "16": {
        "start": {
          "line": 42,
          "column": 19
        },
        "end": {
          "line": 42,
          "column": 51
        }
      },
      "17": {
        "start": {
          "line": 43,
          "column": 20
        },
        "end": {
          "line": 43,
          "column": 39
        }
      },
      "18": {
        "start": {
          "line": 47,
          "column": 6
        },
        "end": {
          "line": 47,
          "column": 33
        }
      },
      "19": {
[...]
        "FormsModule",
        "materialModules",
        "MaterialModule"
      ],
      "sources": [
        "D:\\OpenClass\\nouveauProjet\\Developpez-une-application-full-stack-complete\\front\\src\\app\\shared\\material.module.ts"
      ],
      "sourcesContent": [
        "import { NgModule } from '@angular/core';\r\nimport { OverlayModule } from '@angular/cdk/overlay';\r\nimport { CdkTreeModule } from '@angular/cdk/tree';\r\nimport { PortalModule } from '@angular/cdk/portal';\r\nimport { MatButtonToggleModule } from '@angular/material/button-toggle';\r\nimport { MatRippleModule } from '@angular/material/core';\r\nimport { MatDividerModule } from '@angular/material/divider';\r\nimport { MatExpansionModule } from '@angular/material/expansion';\r\nimport { MatIconModule } from '@angular/material/icon';\r\nimport { MatSidenavModule } from '@angular/material/sidenav';\r\nimport { MatSortModule } from '@angular/material/sort';\r\nimport { MatToolbarModule } from '@angular/material/toolbar';\r\nimport { MatTreeModule } from '@angular/material/tree';\r\nimport { ReactiveFormsModule } from '@angular/forms';\r\nimport { MatCardModule } from '@angular/material/card';\r\nimport { AsyncPipe, DatePipe } from '@angular/common';\r\nimport { MatFormFieldModule } from '@angular/material/form-field';\r\nimport { MatSelectModule } from '@angular/material/select';\r\nimport {MatButtonModule} from '@angular/material/button';\r\nimport {MatInputModule} from '@angular/material/input';\r\nimport {FormsModule} from '@angular/forms';\r\n\r\nconst materialModules = [\r\n  FormsModule,\r\n  MatInputModule,\r\n  MatButtonModule,\r\n  DatePipe,\r\n  MatSelectModule,\r\n  ReactiveFormsModule,\r\n  CdkTreeModule,\r\n  MatDividerModule,\r\n  MatExpansionModule,\r\n  MatIconModule,\r\n  MatRippleModule,\r\n  MatSidenavModule,\r\n  MatSortModule,\r\n  MatToolbarModule,\r\n  MatButtonToggleModule,\r\n  MatTreeModule,\r\n  OverlayModule,\r\n  PortalModule,\r\n  MatCardModule,\r\n  AsyncPipe,\r\n  MatFormFieldModule\r\n];\r\n\r\n@NgModule({\r\n  imports: [\r\n    ...materialModules\r\n  ],\r\n  exports: [\r\n    ...materialModules\r\n  ],\r\n})\r\nexport class MaterialModule { }"
      ],
      "mappings": "AACA,SAASA,aAAa,QAAQ,sBAAsB;AACpD,SAASC,aAAa,QAAQ,mBAAmB;AACjD,SAASC,YAAY,QAAQ,qBAAqB;AAClD,SAASC,qBAAqB,QAAQ,iCAAiC;AACvE,SAASC,eAAe,QAAQ,wBAAwB;AACxD,SAASC,gBAAgB,QAAQ,2BAA2B;AAC5D,SAASC,kBAAkB,QAAQ,6BAA6B;AAChE,SAASC,aAAa,QAAQ,wBAAwB;AACtD,SAASC,gBAAgB,QAAQ,2BAA2B;AAC5D,SAASC,aAAa,QAAQ,wBAAwB;AACtD,SAASC,gBAAgB,QAAQ,2BAA2B;AAC5D,SAASC,aAAa,QAAQ,wBAAwB;AACtD,SAASC,mBAAmB,QAAQ,gBAAgB;AACpD,SAASC,aAAa,QAAQ,wBAAwB;AACtD,SAASC,SAAS,EAAEC,QAAQ,QAAQ,iBAAiB;AACrD,SAASC,kBAAkB,QAAQ,8BAA8B;AACjE,SAASC,eAAe,QAAQ,0BAA0B;AAC1D,SAAQC,eAAe,QAAO,0BAA0B;AACxD,SAAQC,cAAc,QAAO,yBAAyB;AACtD,SAAQC,WAAW,QAAO,gBAAgB;;AAE1C,MAAMC,eAAe,GAAG,CACtBD,WAAW,EACXD,cAAc,EACdD,eAAe,EACfH,QAAQ,EACRE,eAAe,EACfL,mBAAmB,EACnBX,aAAa,EACbI,gBAAgB,EAChBC,kBAAkB,EAClBC,aAAa,EACbH,eAAe,EACfI,gBAAgB,EAChBC,aAAa,EACbC,gBAAgB,EAChBP,qBAAqB,EACrBQ,aAAa,EACbX,aAAa,EACbE,YAAY,EACZW,aAAa,EACbC,SAAS,EACTE,kBAAkB,CACnB;AAUD,WAAaM,cAAc;EAArB,MAAOA,cAAc;;;yCAAdA,cAAc;MAAA;IAAA;;;cAAdA;MAAc;IAAA;;;kBA/BzBF,WAAW,EACXD,cAAc,EACdD,eAAe,EAEfD,eAAe,EACfL,mBAAmB,EACnBX,aAAa,EACbI,gBAAgB,EAChBC,kBAAkB,EAClBC,aAAa,EACbH,eAAe,EACfI,gBAAgB,EAChBC,aAAa,EACbC,gBAAgB,EAChBP,qBAAqB,EACrBQ,aAAa,EACbX,aAAa,EACbE,YAAY,EACZW,aAAa,EAEbG,kBAAkB,EApBlBI,WAAW,EACXD,cAAc,EACdD,eAAe,EAEfD,eAAe,EACfL,mBAAmB,EACnBX,aAAa,EACbI,gBAAgB,EAChBC,kBAAkB,EAClBC,aAAa,EACbH,eAAe,EACfI,gBAAgB,EAChBC,aAAa,EACbC,gBAAgB,EAChBP,qBAAqB,EACrBQ,aAAa,EACbX,aAAa,EACbE,YAAY,EACZW,aAAa,EAEbG,kBAAkB;MAAA;IAAA;;SAWPM,cAAc;AAAA",
      "ignoreList": []
    },
    "_coverageSchema": "1a1c01bbd47fc00a2c39e90264f33305004495a9",
    "hash": "6c7b47fa2998835deeccf3bdd6392086efbb9051"
  },
  "D:\\OpenClass\\nouveauProjet\\Developpez-une-application-full-stack-complete\\front\\src\\app\\interceptors\\custom-jwt-interceptor-fn.interceptor.ts": {
    "path": "D:\\OpenClass\\nouveauProjet\\Developpez-une-application-full-stack-complete\\front\\src\\app\\interceptors\\custom-jwt-interceptor-fn.interceptor.ts",
    "statementMap": {
      "0": {
        "start": {
          "line": 3,
          "column": 50
        },
        "end": {
          "line": 13,
          "column": 1
        }
      },
      "1": {
        "start": {
          "line": 4,
          "column": 25
        },
        "end": {
          "line": 4,
          "column": 47
        }
      },
      "2": {
        "start": {
          "line": 5,
          "column": 2
        },
        "end": {
          "line": 11,
          "column": 3
        }
      },
      "3": {
        "start": {
          "line": 6,
          "column": 4
        },
        "end": {
          "line": 10,
          "column": 7
        }
      },
      "4": {
        "start": {
          "line": 12,
          "column": 2
        },
        "end": {
          "line": 12,
          "column": 19
        }
      }
    },
    "fnMap": {
      "0": {
        "name": "(anonymous_0)",
        "decl": {
          "start": {
            "line": 3,
            "column": 50
          },
          "end": {
            "line": 3,
            "column": 51
          }
        },
        "loc": {
          "start": {
            "line": 3,
            "column": 65
          },
          "end": {
            "line": 13,
            "column": 1
          }
        },
        "line": 3
      }
    },
    "branchMap": {
      "0": {
        "loc": {
          "start": {
            "line": 5,
            "column": 2
          },
          "end": {
            "line": 11,
            "column": 3
          }
        },
        "type": "if",
        "locations": [
          {
            "start": {
              "line": 5,
              "column": 2
            },
            "end": {
              "line": 11,
              "column": 3
            }
          },
          {
            "start": {
              "line": 5,
              "column": 2
            },
            "end": {
              "line": 11,
              "column": 3
            }
          }
        ],
        "line": 5
      }
    },
    "s": {
      "0": 40,
      "1": 110,
      "2": 110,
      "3": 80,
      "4": 110
    },
    "f": {
      "0": 110
    },
    "b": {
      "0": [
        80,
        30
      ]
    },
    "inputSourceMap": {
      "version": 3,
      "names": [
        "inject",
        "SessionService",
        "customJwtInterceptorFn2Interceptor",
        "req",
        "next",
        "sessionService",
        "isLogged",
        "clone",
        "setHeaders",
        "Authorization",
        "sessionInformation",
        "token"
      ],
      "sources": [
        "D:\\OpenClass\\nouveauProjet\\Developpez-une-application-full-stack-complete\\front\\src\\app\\interceptors\\custom-jwt-interceptor-fn.interceptor.ts"
      ],
      "sourcesContent": [
        "import { HttpInterceptorFn } from '@angular/common/http';\r\nimport { inject } from '@angular/core';\r\nimport { SessionService } from '../core/services/session.service';\r\n\r\nexport const customJwtInterceptorFn2Interceptor: HttpInterceptorFn = (req, next) => {\r\n\r\n  const sessionService = inject(SessionService);\r\n  if (sessionService.isLogged) {\r\n    req = req.clone({\r\n      setHeaders: {\r\n        Authorization: `Bearer ${sessionService.sessionInformation!.token}`,\r\n      },\r\n    });\r\n  }\r\n  return next(req);\r\n};\r\n"
      ],
      "mappings": "AACA,SAASA,MAAM,QAAQ,eAAe;AACtC,SAASC,cAAc,QAAQ,kCAAkC;AAEjE,OAAO,MAAMC,kCAAkC,GAAsBA,CAACC,GAAG,EAAEC,IAAI,KAAI;EAEjF,MAAMC,cAAc,GAAGL,MAAM,CAACC,cAAc,CAAC;EAC7C,IAAII,cAAc,CAACC,QAAQ,EAAE;IAC3BH,GAAG,GAAGA,GAAG,CAACI,KAAK,CAAC;MACdC,UAAU,EAAE;QACVC,aAAa,EAAE,UAAUJ,cAAc,CAACK,kBAAmB,CAACC,KAAK;;KAEpE,CAAC;EACJ;EACA,OAAOP,IAAI,CAACD,GAAG,CAAC;AAClB,CAAC",
      "ignoreList": []
    },
    "_coverageSchema": "1a1c01bbd47fc00a2c39e90264f33305004495a9",
    "hash": "071ac22bbdb5a5bb3c33f9ce15b25cd09919e7b3"
  },
  "D:\\OpenClass\\nouveauProjet\\Developpez-une-application-full-stack-complete\\front\\src\\app\\app.module.ts": {
    "path": "D:\\OpenClass\\nouveauProjet\\Developpez-une-application-full-stack-complete\\front\\src\\app\\app.module.ts",
    "statementMap": {
      "0": {
        "start": {
          "line": 10,
          "column": 36
        },
        "end": {
          "line": 31,
          "column": 4
        }
      },
      "1": {
        "start": {
          "line": 13,
          "column": 6
        },
        "end": {
          "line": 15,
          "column": 8
        }
      },
      "2": {
        "start": {
          "line": 14,
          "column": 8
        },
        "end": {
          "line": 14,
          "column": 54
        }
      },
      "3": {
        "start": {
          "line": 18,
          "column": 6
        },
        "end": {
          "line": 21,
          "column": 9
        }
      },
      "4": {
        "start": {
          "line": 24,
          "column": 6
        },
        "end": {
          "line": 27,
          "column": 9
        }
      },
      "5": {
        "start": {
          "line": 30,
          "column": 2
        },
        "end": {
          "line": 30,
          "column": 19
        }
      }
    },
    "fnMap": {
      "0": {
        "name": "(anonymous_0)",
        "decl": {
          "start": {
            "line": 10,
            "column": 37
          },
          "end": {
            "line": 10,
            "column": 38
          }
        },
        "loc": {
          "start": {
            "line": 10,
            "column": 43
          },
          "end": {
            "line": 31,
            "column": 1
          }
        },
        "line": 10
      },
      "1": {
        "name": "AppModule_Factory",
        "decl": {
          "start": {
            "line": 13,
            "column": 27
          },
          "end": {
            "line": 13,
            "column": 44
          }
        },
        "loc": {
          "start": {
            "line": 13,
            "column": 64
          },
          "end": {
            "line": 15,
            "column": 7
          }
        },
        "line": 13
      }
    },
    "branchMap": {
      "0": {
        "loc": {
          "start": {
            "line": 14,
            "column": 20
          },
          "end": {
            "line": 14,
            "column": 50
          }
        },
        "type": "binary-expr",
        "locations": [
          {
            "start": {
              "line": 14,
              "column": 20
            },
            "end": {
              "line": 14,
              "column": 37
            }
          },
          {
            "start": {
              "line": 14,
              "column": 41
            },
            "end": {
              "line": 14,
              "column": 50
            }
          }
        ],
        "line": 14
      }
    },
    "s": {
      "0": 40,
      "1": 40,
      "2": 40,
      "3": 40,
      "4": 40,
      "5": 40
    },
    "f": {
      "0": 40,
      "1": 40
    },
    "b": {
      "0": [
        40,
        40
      ]
    },
    "inputSourceMap": {
      "version": 3,
      "names": [
        "BrowserModule",
        "BrowserAnimationsModule",
        "AppRoutingModule",
        "AppComponent",
        "MaterialModule",
        "provideHttpClient",
        "withInterceptors",
        "customJwtInterceptorFn2Interceptor",
        "MatGridListModule",
        "AppModule",
        "bootstrap",
        "imports"
      ],
      "sources": [
        "D:\\OpenClass\\nouveauProjet\\Developpez-une-application-full-stack-complete\\front\\src\\app\\app.module.ts"
      ],
      "sourcesContent": [
        "import { NgModule } from '@angular/core';\r\nimport { BrowserModule } from '@angular/platform-browser';\r\nimport { BrowserAnimationsModule } from '@angular/platform-browser/animations';\r\nimport { AppRoutingModule } from './app-routing.module';\r\nimport { AppComponent } from './app.component';\r\nimport { HomeComponent } from './pages/home/home.component';\r\nimport { LoginComponent } from './pages/login/login.component';\r\nimport { RegisterComponent } from './pages/register/register.component';\r\nimport { MaterialModule } from './shared/material.module';\r\nimport { provideHttpClient, withInterceptors } from '@angular/common/http';\r\nimport { customJwtInterceptorFn2Interceptor } from './interceptors/custom-jwt-interceptor-fn.interceptor';\r\nimport { ThemeComponent } from './pages/theme/theme.component';\r\nimport { FormComponent } from './pages/form/form.component';\r\nimport { DetailComponent } from './pages/detail/detail.component';\r\nimport { MeComponent } from './pages/me/me.component';\r\nimport { MatGridListModule } from '@angular/material/grid-list';\r\nimport { ArticleComponent } from './pages/articles/articles.component';\r\n\r\n@NgModule({\r\n  declarations: [ AppComponent,\r\n                  HomeComponent,\r\n                  LoginComponent,\r\n                  RegisterComponent,\r\n                  ArticleComponent,\r\n                  FormComponent,\r\n                  DetailComponent,\r\n                  MeComponent,\r\n                  ThemeComponent,\r\n  ],\r\n  imports: [\r\n    BrowserModule,\r\n    AppRoutingModule,\r\n    BrowserAnimationsModule,\r\n    MaterialModule,\r\n    MatGridListModule,\r\n  ],\r\n  providers: [provideHttpClient(withInterceptors([customJwtInterceptorFn2Interceptor]))],\r\n  bootstrap: [AppComponent]\r\n})\r\nexport class AppModule {}\r\n"
      ],
      "mappings": "AACA,SAASA,aAAa,QAAQ,2BAA2B;AACzD,SAASC,uBAAuB,QAAQ,sCAAsC;AAC9E,SAASC,gBAAgB,QAAQ,sBAAsB;AACvD,SAASC,YAAY,QAAQ,iBAAiB;AAI9C,SAASC,cAAc,QAAQ,0BAA0B;AACzD,SAASC,iBAAiB,EAAEC,gBAAgB,QAAQ,sBAAsB;AAC1E,SAASC,kCAAkC,QAAQ,sDAAsD;AAKzG,SAASC,iBAAiB,QAAQ,6BAA6B;;AAwB/D,WAAaC,SAAS;EAAhB,MAAOA,SAAS;;;yCAATA,SAAS;MAAA;IAAA;;;cAATA,SAAS;QAAAC,SAAA,GAFRP,YAAY;MAAA;IAAA;;;mBADb,CAACE,iBAAiB,CAACC,gBAAgB,CAAC,CAACC,kCAAkC,CAAC,CAAC,CAAC,CAAC;QAAAI,OAAA,GANpFX,aAAa,EACbE,gBAAgB,EAChBD,uBAAuB,EACvBG,cAAc,EACdI,iBAAiB;MAAA;IAAA;;SAKRC,SAAS;AAAA",
      "ignoreList": []
    },
    "_coverageSchema": "1a1c01bbd47fc00a2c39e90264f33305004495a9",
    "hash": "ec62e49771290bc33045f738a6eb6e7ac538c015"
  },
  "D:\\OpenClass\\nouveauProjet\\Developpez-une-application-full-stack-complete\\front\\src\\environments\\environment.ts": {
    "path": "D:\\OpenClass\\nouveauProjet\\Developpez-une-application-full-stack-complete\\front\\src\\environments\\environment.ts",
    "statementMap": {
      "0": {
        "start": {
          "line": 4,
          "column": 27
        },
        "end": {
          "line": 6,
          "column": 1
        }
      }
    },
    "fnMap": {},
    "branchMap": {},
    "s": {
      "0": 40
    },
    "f": {},
    "b": {},
    "inputSourceMap": {
      "version": 3,
      "names": [
        "environment",
        "production"
      ],
      "sources": [
        "D:\\OpenClass\\nouveauProjet\\Developpez-une-application-full-stack-complete\\front\\src\\environments\\environment.ts"
      ],
      "sourcesContent": [
        "// This file can be replaced during build by using the `fileReplacements` array.\r\n// `ng build` replaces `environment.ts` with `environment.prod.ts`.\r\n// The list of file replacements can be found in `angular.json`.\r\n\r\nexport const environment = {\r\n  production: false\r\n};\r\n\r\n/*\r\n * For easier debugging in development mode, you can import the following file\r\n * to ignore zone related error stack frames such as `zone.run`, `zoneDelegate.invokeTask`.\r\n *\r\n * This import should be commented out in production mode because it will have a negative impact\r\n * on performance if an error is thrown.\r\n */\r\n// import 'zone.js/plugins/zone-error';  // Included with Angular CLI.\r\n"
      ],
      "mappings": "AAAA;AACA;AACA;AAEA,OAAO,MAAMA,WAAW,GAAG;EACzBC,UAAU,EAAE;CACb;AAED;;;;;;;AAOA",
      "ignoreList": []
    },
    "_coverageSchema": "1a1c01bbd47fc00a2c39e90264f33305004495a9",
    "hash": "d217876211cc11e6c874deca7f79be2ea7d443ba"
  },
  "D:\\OpenClass\\nouveauProjet\\Developpez-une-application-full-stack-complete\\front\\src\\main.ts": {
    "path": "D:\\OpenClass\\nouveauProjet\\Developpez-une-application-full-stack-complete\\front\\src\\main.ts",
    "statementMap": {
      "0": {
        "start": {
          "line": 5,
          "column": 0
        },
        "end": {
          "line": 7,
          "column": 1
        }
      },
      "1": {
        "start": {
          "line": 6,
          "column": 2
        },
        "end": {
          "line": 6,
          "column": 19
        }
      },
      "2": {
        "start": {
          "line": 8,
          "column": 0
        },
        "end": {
          "line": 10,
          "column": 36
        }
      },
      "3": {
        "start": {
          "line": 10,
          "column": 16
        },
        "end": {
          "line": 10,
          "column": 34
        }
      }
    },
    "fnMap": {
      "0": {
        "name": "(anonymous_0)",
        "decl": {
          "start": {
            "line": 10,
            "column": 9
          },
          "end": {
            "line": 10,
            "column": 10
          }
        },
        "loc": {
          "start": {
            "line": 10,
            "column": 16
          },
          "end": {
            "line": 10,
            "column": 34
          }
        },
        "line": 10
      }
    },
    "branchMap": {
      "0": {
        "loc": {
          "start": {
            "line": 5,
            "column": 0
          },
          "end": {
            "line": 7,
            "column": 1
          }
        },
        "type": "if",
        "locations": [
          {
            "start": {
              "line": 5,
              "column": 0
            },
            "end": {
              "line": 7,
              "column": 1
            }
          },
          {
            "start": {
              "line": 5,
              "column": 0
            },
            "end": {
              "line": 7,
              "column": 1
            }
          }
        ],
        "line": 5
      }
    },
    "s": {
      "0": 40,
      "1": 0,
      "2": 40,
      "3": 0
    },
    "f": {
      "0": 0
    },
    "b": {
      "0": [
        0,
        40
      ]
    },
    "inputSourceMap": {
      "version": 3,
      "names": [
        "enableProdMode",
        "provideZoneChangeDetection",
        "AppModule",
        "environment",
        "production",
        "__NgCli_bootstrap_1",
        "platformBrowser",
        "bootstrapModule",
        "applicationProviders",
        "catch",
        "err",
        "console",
        "error"
      ],
      "sources": [
        "D:\\OpenClass\\nouveauProjet\\Developpez-une-application-full-stack-complete\\front\\src\\main.ts"
      ],
      "sourcesContent": [
        "import { enableProdMode, provideZoneChangeDetection } from '@angular/core';\r\nimport { platformBrowserDynamic } from '@angular/platform-browser-dynamic';\r\n\r\nimport { AppModule } from './app/app.module';\r\nimport { environment } from './environments/environment';\r\n\r\nif (environment.production) {\r\n  enableProdMode();\r\n}\r\n\r\nplatformBrowserDynamic().bootstrapModule(AppModule, { applicationProviders: [provideZoneChangeDetection()], })\r\n  .catch(err => console.error(err));\r\n"
      ],
      "mappings": ";AAAA,SAASA,cAAc,EAAEC,0BAA0B,QAAQ,eAAe;AAG1E,SAASC,SAAS,QAAQ,kBAAkB;AAC5C,SAASC,WAAW,QAAQ,4BAA4B;AAExD,IAAIA,WAAW,CAACC,UAAU,EAAE;EAC1BJ,cAAc,EAAE;AAClB;AAEAK,mBAAA,CAAAC,eAAA,EAAwB,CAACC,eAAe,CAACL,SAAS,EAAE;EAAEM,oBAAoB,EAAE,CAACP,0BAA0B,EAAE;AAAC,CAAG,CAAC,CAC3GQ,KAAK,CAACC,GAAG,IAAIC,OAAO,CAACC,KAAK,CAACF,GAAG,CAAC,CAAC",
      "ignoreList": []
    },
    "_coverageSchema": "1a1c01bbd47fc00a2c39e90264f33305004495a9",
    "hash": "ea7c1be7dc6873d0abb1212900abab8df717f096"
  }
}